Построение начато 01.07.2016 20:05:37.
     1>Проект "C:\Users\Nastya\Documents\GitHub\konvertorV\konvertorV\konvertorV\konvertorV.vcxproj" в узле 2 (целевые объекты build).
     1>InitializeBuildStatus:
         Создание "Release\konvertorV.unsuccessfulbuild", так как было задано "AlwaysCreate".
       ClCompile:
         Для всех выходных данных обновления не требуется.
         C:\Program Files (x86)\Microsoft Visual Studio 10.0\VC\bin\CL.exe /c /Zi /nologo /W3 /WX- /O2 /Oi /Oy- /GL /D WIN32 /D NDEBUG /D _CONSOLE /D _UNICODE /D UNICODE /Gm- /EHsc /MD /GS /Gy /fp:precise /Zc:wchar_t /Zc:forScope /Yu"StdAfx.h" /Fp"Release\konvertorV.pch" /Fo"Release\\" /Fd"Release\vc100.pdb" /Gd /TP /analyze- /errorReport:prompt konvertorV.cpp
         konvertorV.cpp
     1>konvertorV.cpp(25): warning C4244: =: преобразование "double" в "__int64", возможна потеря данных
     1>konvertorV.cpp(26): warning C4244: =: преобразование "double" в "__int64", возможна потеря данных
     1>konvertorV.cpp(27): warning C4244: =: преобразование "double" в "__int64", возможна потеря данных
     1>konvertorV.cpp(28): warning C4244: =: преобразование "double" в "__int64", возможна потеря данных
     1>konvertorV.cpp(29): warning C4244: =: преобразование "double" в "__int64", возможна потеря данных
       Link:
         C:\Program Files (x86)\Microsoft Visual Studio 10.0\VC\bin\link.exe /ERRORREPORT:PROMPT /OUT:"C:\Users\Nastya\Documents\GitHub\konvertorV\konvertorV\Release\konvertorV.exe" /INCREMENTAL:NO /NOLOGO kernel32.lib user32.lib gdi32.lib winspool.lib comdlg32.lib advapi32.lib shell32.lib ole32.lib oleaut32.lib uuid.lib odbc32.lib odbccp32.lib /MANIFEST /ManifestFile:"Release\konvertorV.exe.intermediate.manifest" /MANIFESTUAC:"level='asInvoker' uiAccess='false'" /DEBUG /PDB:"C:\Users\Nastya\Documents\GitHub\konvertorV\konvertorV\Release\konvertorV.pdb" /SUBSYSTEM:CONSOLE /OPT:REF /OPT:ICF /LTCG /TLBID:1 /DYNAMICBASE /NXCOMPAT /IMPLIB:"C:\Users\Nastya\Documents\GitHub\konvertorV\konvertorV\Release\konvertorV.lib" /MACHINE:X86 Release\konvertorV.obj
         Release\stdafx.obj
         Создание кода
         Создание кода завершено
         konvertorV.vcxproj -> C:\Users\Nastya\Documents\GitHub\konvertorV\konvertorV\Release\konvertorV.exe
       Manifest:
         C:\Program Files (x86)\Microsoft SDKs\Windows\v7.0A\bin\mt.exe /nologo /verbose /outputresource:"C:\Users\Nastya\Documents\GitHub\konvertorV\konvertorV\Release\konvertorV.exe;#1" /manifest Release\konvertorV.exe.intermediate.manifest
       FinalizeBuildStatus:
         Файл "Release\konvertorV.unsuccessfulbuild" удаляется.
         Обращение к "Release\konvertorV.lastbuildstate".
     1>Построение проекта "C:\Users\Nastya\Documents\GitHub\konvertorV\konvertorV\konvertorV\konvertorV.vcxproj" завершено (целевые объекты build).

Построение успешно завершено.

Затраченное время: 00:00:08.43
